<?xml version="1.0" encoding="UTF-8"?>
<!-- Generated by org.testng.reporters.JUnitReportReporter -->
<testsuite hostname="UBVPNN7370" failures="0" tests="1" name="Unit_Testing_Tool.Google" time="11.185" errors="0" timestamp="2023-09-09T12:55:52 IST" skipped="0">
  <testcase classname="Unit_Testing_Tool.Google" name="google" time="11.185">
    <system-out>
      <![CDATA[Google is Launched]]>
    </system-out>
  </testcase> <!-- google -->
  <system-out>
    <![CDATA[Google is Launched
bajaj is Launched]]>
  </system-out>
</testsuite> <!-- Unit_Testing_Tool.Google -->
