<?xml version="1.0" encoding="UTF-8"?>
<!-- Generated by org.testng.reporters.JUnitReportReporter -->
<testsuite hostname="UBVPNN7370" failures="0" tests="1" name="Unit_Testing_Tool.bajaj" time="13.404" errors="0" timestamp="2023-09-09T12:55:52 IST" skipped="0">
  <testcase classname="Unit_Testing_Tool.bajaj" name="google" time="13.404">
    <system-out>
      <![CDATA[bajaj is Launched]]>
    </system-out>
  </testcase> <!-- google -->
  <system-out>
    <![CDATA[Google is Launched
bajaj is Launched]]>
  </system-out>
</testsuite> <!-- Unit_Testing_Tool.bajaj -->
