<?xml version="1.0" encoding="UTF-8"?>
<!-- Generated by org.testng.reporters.JUnitReportReporter -->
<testsuite hostname="UBVPNN7370" failures="0" tests="3" name="Unit_Testing_Tool.dataprovider" time="51.024" errors="0" timestamp="2023-09-09T14:12:17 IST" skipped="0">
  <testcase classname="Unit_Testing_Tool.dataprovider" name="fetch" time="16.951"/>
  <testcase classname="Unit_Testing_Tool.dataprovider" name="fetch" time="16.997"/>
  <testcase classname="Unit_Testing_Tool.dataprovider" name="fetch" time="17.076"/>
</testsuite> <!-- Unit_Testing_Tool.dataprovider -->
