<?xml version="1.0" encoding="UTF-8"?>
<!-- Generated by org.testng.reporters.JUnitReportReporter -->
<testsuite hostname="UBVPNN7370" failures="0" tests="1" name="Unit_Testing_Tool.Chronologies" time="0.009" errors="0" timestamp="2023-09-09T15:43:15 IST" skipped="0">
  <testcase classname="Unit_Testing_Tool.Chronologies" name="main" time="0.009">
    <system-out>
      <![CDATA[main method]]>
    </system-out>
  </testcase> <!-- main -->
  <system-out>
    <![CDATA[Before suite
main method
After suite]]>
  </system-out>
</testsuite> <!-- Unit_Testing_Tool.Chronologies -->
