<?xml version="1.0" encoding="UTF-8"?>
<!-- Generated by org.testng.reporters.JUnitReportReporter -->
<testsuite hostname="UBVPNN7370" failures="0" tests="6" name="Unit_Testing_Tool.Parameters" time="72.325" errors="0" timestamp="2023-09-09T12:45:11 IST" skipped="1">
  <testcase classname="Unit_Testing_Tool.Parameters" name="Swiggy" time="23.534">
    <system-out>
      <![CDATA[Swiggy page is opened]]>
    </system-out>
  </testcase> <!-- Swiggy -->
  <testcase classname="Unit_Testing_Tool.Parameters" name="Swiggy" time="22.615">
    <system-out>
      <![CDATA[Swiggy page is opened]]>
    </system-out>
  </testcase> <!-- Swiggy -->
  <testcase classname="Unit_Testing_Tool.Parameters" name="DemoWebshop" time="8.928">
    <system-out>
      <![CDATA[DemoWebshop page is opened]]>
    </system-out>
  </testcase> <!-- DemoWebshop -->
  <testcase classname="Unit_Testing_Tool.Parameters" name="Zomato" time="8.887">
    <system-out>
      <![CDATA[Zomato page is opened]]>
    </system-out>
  </testcase> <!-- Zomato -->
  <testcase classname="Unit_Testing_Tool.Parameters" name="Facebook" time="8.361">
    <system-out>
      <![CDATA[Facebook page is opened]]>
    </system-out>
  </testcase> <!-- Facebook -->
  <testcase classname="Unit_Testing_Tool.Parameters" name="instagram">
    <skipped/>
  </testcase> <!-- instagram -->
  <system-out>
    <![CDATA[Google is Launched
Swiggy page is opened
Swiggy page is opened
Zomato page is opened
Facebook page is opened
DemoWebshop page is opened]]>
  </system-out>
</testsuite> <!-- Unit_Testing_Tool.Parameters -->
