<?xml version="1.0" encoding="UTF-8"?>
<!-- Generated by org.testng.reporters.JUnitReportReporter -->
<testsuite hostname="UBVPNN7370" failures="0" tests="1" name="Unit_Testing_Tool.Google1" time="11.544" errors="0" timestamp="2023-09-09T15:23:15 IST" skipped="0">
  <testcase classname="Unit_Testing_Tool.Google1" name="googleCompany" time="11.544">
    <system-out>
      <![CDATA[Google - About Google, Our Culture & Company News]]>
    </system-out>
  </testcase> <!-- googleCompany -->
  <system-out>
    <![CDATA[Google - About Google, Our Culture & Company News]]>
  </system-out>
</testsuite> <!-- Unit_Testing_Tool.Google1 -->
