<?xml version="1.0" encoding="UTF-8"?>
<!-- Generated by org.testng.reporters.JUnitReportReporter -->
<testsuite hostname="UBVPNN7370" failures="0" tests="4" name="Unit_Testing_Tool.Facebookdataprovider" time="72.191" errors="0" timestamp="2023-09-09T15:03:01 IST" skipped="0">
  <testcase classname="Unit_Testing_Tool.Facebookdataprovider" name="fetch" time="18.361"/>
  <testcase classname="Unit_Testing_Tool.Facebookdataprovider" name="fetch" time="17.450"/>
  <testcase classname="Unit_Testing_Tool.Facebookdataprovider" name="fetch" time="19.295"/>
  <testcase classname="Unit_Testing_Tool.Facebookdataprovider" name="fetch" time="17.085"/>
</testsuite> <!-- Unit_Testing_Tool.Facebookdataprovider -->
